**Description**
I would like to report and bug/issue related to SaltStack version **3003.3**. The Salt communication with Docker (Docker Python library most probably) has issue.
The issue is, anything related to Docker, Salt is unable to communicate and handle on minions. 
```
root@ce2346e9ce9b:/# salt-call docker.ps
[WARNING ] Connection pool is full, discarding connection: localhost
[WARNING ] Connection pool is full, discarding connection: localhost
[ERROR   ] An un-handled exception was caught by salt's global exception handler:
DockerException: Error while fetching server API version: Timeout value connect was Timeout(connect=60, read=60, total=None), but it must be an int, float or None.
Traceback (most recent call last):
  File "/usr/share/python-wheels/urllib3-1.24.1-py2.py3-none-any.whl/urllib3/util/timeout.py", line 124, in _validate_timeout
    float(value)
TypeError: float() argument must be a string or a number, not 'Timeout'

During handling of the above exception, another exception occurred:

Traceback (most recent call last):
  File "/usr/local/lib/python3.7/dist-packages/docker/api/client.py", line 214, in _retrieve_server_version
    return self.version(api_version=False)["ApiVersion"]
  File "/usr/local/lib/python3.7/dist-packages/docker/api/daemon.py", line 181, in version
    return self._result(self._get(url), json=True)
  File "/usr/local/lib/python3.7/dist-packages/docker/utils/decorators.py", line 46, in inner
    return f(self, *args, **kwargs)
  File "/usr/local/lib/python3.7/dist-packages/docker/api/client.py", line 237, in _get
    return self.get(url, **self._set_request_timeout(kwargs))
  File "/usr/share/python-wheels/requests-2.21.0-py2.py3-none-any.whl/requests/sessions.py", line 546, in get
    return self.request('GET', url, **kwargs)
  File "/usr/share/python-wheels/requests-2.21.0-py2.py3-none-any.whl/requests/sessions.py", line 533, in request
    resp = self.send(prep, **send_kwargs)
  File "/usr/share/python-wheels/requests-2.21.0-py2.py3-none-any.whl/requests/sessions.py", line 646, in send
    r = adapter.send(request, **kwargs)
  File "/usr/share/python-wheels/requests-2.21.0-py2.py3-none-any.whl/requests/adapters.py", line 449, in send
    timeout=timeout
  File "/usr/share/python-wheels/urllib3-1.24.1-py2.py3-none-any.whl/urllib3/connectionpool.py", line 587, in urlopen
    timeout_obj = self._get_timeout(timeout)
  File "/usr/share/python-wheels/urllib3-1.24.1-py2.py3-none-any.whl/urllib3/connectionpool.py", line 300, in _get_timeout
    return Timeout.from_float(timeout)
  File "/usr/share/python-wheels/urllib3-1.24.1-py2.py3-none-any.whl/urllib3/util/timeout.py", line 154, in from_float
    return Timeout(read=timeout, connect=timeout)
  File "/usr/share/python-wheels/urllib3-1.24.1-py2.py3-none-any.whl/urllib3/util/timeout.py", line 94, in __init__
    self._connect = self._validate_timeout(connect, 'connect')
  File "/usr/share/python-wheels/urllib3-1.24.1-py2.py3-none-any.whl/urllib3/util/timeout.py", line 127, in _validate_timeout
    "int, float or None." % (name, value))
ValueError: Timeout value connect was Timeout(connect=60, read=60, total=None), but it must be an int, float or None.

During handling of the above exception, another exception occurred:

Traceback (most recent call last):
  File "/usr/bin/salt-call", line 11, in <module>
    load_entry_point('salt==3003.3', 'console_scripts', 'salt-call')()
  File "/usr/lib/python3/dist-packages/salt/scripts.py", line 449, in salt_call
    client.run()
  File "/usr/lib/python3/dist-packages/salt/cli/call.py", line 58, in run
    caller.run()
  File "/usr/lib/python3/dist-packages/salt/cli/caller.py", line 112, in run
    ret = self.call()
  File "/usr/lib/python3/dist-packages/salt/cli/caller.py", line 220, in call
    self.opts, data, func, args, kwargs
  File "/usr/lib/python3/dist-packages/salt/loader.py", line 1241, in __call__
    return self.loader.run(run_func, *args, **kwargs)
  File "/usr/lib/python3/dist-packages/salt/loader.py", line 2274, in run
    return self._last_context.run(self._run_as, _func_or_method, *args, **kwargs)
  File "/usr/lib/python3/dist-packages/salt/loader.py", line 2289, in _run_as
    return _func_or_method(*args, **kwargs)
  File "/usr/lib/python3/dist-packages/salt/executors/direct_call.py", line 12, in execute
    return func(*args, **kwargs)
  File "/usr/lib/python3/dist-packages/salt/loader.py", line 1241, in __call__
    return self.loader.run(run_func, *args, **kwargs)
  File "/usr/lib/python3/dist-packages/salt/loader.py", line 2274, in run
    return self._last_context.run(self._run_as, _func_or_method, *args, **kwargs)
  File "/usr/lib/python3/dist-packages/salt/loader.py", line 2289, in _run_as
    return _func_or_method(*args, **kwargs)
  File "/usr/lib/python3/dist-packages/salt/modules/dockermod.py", line 2321, in ps_
    response = _client_wrapper("containers", all=True, filters=filters)
  File "/usr/lib/python3/dist-packages/salt/modules/dockermod.py", line 437, in wrapper
    __context__["docker.client"] = _get_client(timeout=timeout, **kwargs)
  File "/usr/lib/python3/dist-packages/salt/modules/dockermod.py", line 397, in _get_client
    ret = docker.APIClient(**client_kwargs)
  File "/usr/local/lib/python3.7/dist-packages/docker/api/client.py", line 197, in __init__
    self._version = self._retrieve_server_version()
  File "/usr/local/lib/python3.7/dist-packages/docker/api/client.py", line 222, in _retrieve_server_version
    f'Error while fetching server API version: {e}'
docker.errors.DockerException: Error while fetching server API version: Timeout value connect was Timeout(connect=60, read=60, total=None), but it must be an int, float or None.
Traceback (most recent call last):
  File "/usr/share/python-wheels/urllib3-1.24.1-py2.py3-none-any.whl/urllib3/util/timeout.py", line 124, in _validate_timeout
TypeError: float() argument must be a string or a number, not 'Timeout'

During handling of the above exception, another exception occurred:

Traceback (most recent call last):
  File "/usr/local/lib/python3.7/dist-packages/docker/api/client.py", line 214, in _retrieve_server_version
    return self.version(api_version=False)["ApiVersion"]
  File "/usr/local/lib/python3.7/dist-packages/docker/api/daemon.py", line 181, in version
    return self._result(self._get(url), json=True)
  File "/usr/local/lib/python3.7/dist-packages/docker/utils/decorators.py", line 46, in inner
    return f(self, *args, **kwargs)
  File "/usr/local/lib/python3.7/dist-packages/docker/api/client.py", line 237, in _get
    return self.get(url, **self._set_request_timeout(kwargs))
  File "/usr/share/python-wheels/requests-2.21.0-py2.py3-none-any.whl/requests/sessions.py", line 546, in get
  File "/usr/share/python-wheels/requests-2.21.0-py2.py3-none-any.whl/requests/sessions.py", line 533, in request
  File "/usr/share/python-wheels/requests-2.21.0-py2.py3-none-any.whl/requests/sessions.py", line 646, in send
  File "/usr/share/python-wheels/requests-2.21.0-py2.py3-none-any.whl/requests/adapters.py", line 449, in send
  File "/usr/share/python-wheels/urllib3-1.24.1-py2.py3-none-any.whl/urllib3/connectionpool.py", line 587, in urlopen
  File "/usr/share/python-wheels/urllib3-1.24.1-py2.py3-none-any.whl/urllib3/connectionpool.py", line 300, in _get_timeout
  File "/usr/share/python-wheels/urllib3-1.24.1-py2.py3-none-any.whl/urllib3/util/timeout.py", line 154, in from_float
  File "/usr/share/python-wheels/urllib3-1.24.1-py2.py3-none-any.whl/urllib3/util/timeout.py", line 94, in __init__
  File "/usr/share/python-wheels/urllib3-1.24.1-py2.py3-none-any.whl/urllib3/util/timeout.py", line 127, in _validate_timeout
ValueError: Timeout value connect was Timeout(connect=60, read=60, total=None), but it must be an int, float or None.

During handling of the above exception, another exception occurred:

Traceback (most recent call last):
  File "/usr/bin/salt-call", line 11, in <module>
    load_entry_point('salt==3003.3', 'console_scripts', 'salt-call')()
  File "/usr/lib/python3/dist-packages/salt/scripts.py", line 449, in salt_call
    client.run()
  File "/usr/lib/python3/dist-packages/salt/cli/call.py", line 58, in run
    caller.run()
  File "/usr/lib/python3/dist-packages/salt/cli/caller.py", line 112, in run
    ret = self.call()
  File "/usr/lib/python3/dist-packages/salt/cli/caller.py", line 220, in call
    self.opts, data, func, args, kwargs
  File "/usr/lib/python3/dist-packages/salt/loader.py", line 1241, in __call__
    return self.loader.run(run_func, *args, **kwargs)
  File "/usr/lib/python3/dist-packages/salt/loader.py", line 2274, in run
    return self._last_context.run(self._run_as, _func_or_method, *args, **kwargs)
  File "/usr/lib/python3/dist-packages/salt/loader.py", line 2289, in _run_as
    return _func_or_method(*args, **kwargs)
  File "/usr/lib/python3/dist-packages/salt/executors/direct_call.py", line 12, in execute
    return func(*args, **kwargs)
  File "/usr/lib/python3/dist-packages/salt/loader.py", line 1241, in __call__
    return self.loader.run(run_func, *args, **kwargs)
  File "/usr/lib/python3/dist-packages/salt/loader.py", line 2274, in run
    return self._last_context.run(self._run_as, _func_or_method, *args, **kwargs)
  File "/usr/lib/python3/dist-packages/salt/loader.py", line 2289, in _run_as
    return _func_or_method(*args, **kwargs)
  File "/usr/lib/python3/dist-packages/salt/modules/dockermod.py", line 2321, in ps_
    response = _client_wrapper("containers", all=True, filters=filters)
  File "/usr/lib/python3/dist-packages/salt/modules/dockermod.py", line 437, in wrapper
    __context__["docker.client"] = _get_client(timeout=timeout, **kwargs)
  File "/usr/lib/python3/dist-packages/salt/modules/dockermod.py", line 397, in _get_client
    ret = docker.APIClient(**client_kwargs)
  File "/usr/local/lib/python3.7/dist-packages/docker/api/client.py", line 197, in __init__
    self._version = self._retrieve_server_version()
  File "/usr/local/lib/python3.7/dist-packages/docker/api/client.py", line 222, in _retrieve_server_version
    f'Error while fetching server API version: {e}'
docker.errors.DockerException: Error while fetching server API version: Timeout value connect was Timeout(connect=60, read=60, total=None), but it must be an int, float or None.
```
Regardless if you want to run state that doing Docker related or just getting image lists, it is similar error as above.

The Salt functionality has no issue.
```
root@ce2346e9ce9b:/# salt-call test.ping
local:
    True
root@ce2346e9ce9b:/# salt-call cmd.run date
local:
    Thu Sep  9 14:24:45 UTC 2021
```

It looks that the issue is originating from mismatching or compatibility issue of some Python library which are involved. Such as _urllib3_ or python-_request_. 
The issue appeared when we upgraded from version **3003.1** to **3003.3**.
There has been similar report from https://github.com/saltstack/salt/issues/54449#issuecomment-913037286 about outdated Debian's Python3 libraries compare to pip. Also some Python, Docker related issue reported back to 2019 (https://github.com/saltstack/salt/issues/54332).

**Setup**

The setup, I'm using Debian 10 (Buster) as minion on Docker container.
It has been tested on two different version of Debian (10.4 and 10.10) and experienced the same results.
The Docker version on minion:
```
Client: Docker Engine - Community
 Version:           20.10.8
 API version:       1.41
 Go version:        go1.16.6
 Git commit:        3967b7d
 Built:             Fri Jul 30 19:54:02 2021
 OS/Arch:           linux/amd64
 Context:           default
 Experimental:      true

Server: Docker Engine - Community
 Engine:
  Version:          20.10.8
  API version:      1.41 (minimum version 1.12)
  Go version:       go1.16.6
  Git commit:       75249d8
  Built:            Fri Jul 30 19:52:10 2021
  OS/Arch:          linux/amd64
  Experimental:     false
 containerd:
  Version:          1.4.9
  GitCommit:        e25210fe30a0a703442421b0f60afac609f950a3
 runc:
  Version:          1.0.1
  GitCommit:        v1.0.1-0-g4144b63
 docker-init:
  Version:          0.19.0
  GitCommit:        de40ad0
```
The Python library from _pip_  with Python 3.7.3:
```
docker           5.0.2
```
And some of the other potential libraries version from _dpkg_ output:
```
python3-urllib3                      1.24.1-1
python3-requests                     2.21.0-1
```
  
**Steps to Reproduce the behavior**

To reproduce the problem:
- Start container with Debian buster
- Install docker-ce and salt-minion from official repository. (https://repo.saltproject.io/#debian)
- Install the docker python library
- Start Salt minion 
- Start Dockerd
- Run the docker.ps execution module in debug mode
```
root@ce2346e9ce9b:/# salt-call -l debug docker.ps
[DEBUG   ] Reading configuration from /etc/salt/minion
[DEBUG   ] Using cached minion ID from /etc/salt/minion_id: ce2346e9ce9b
[DEBUG   ] Using pkg_resources to load entry points
[DEBUG   ] Override  __grains__: <module 'salt.loaded.int.log_handlers.sentry_mod' from '/usr/lib/python3/dist-packages/salt/log/handlers/sentry_mod.py'>
[DEBUG   ] Configuration file path: /etc/salt/minion
[WARNING ] Insecure logging configuration detected! Sensitive data may be logged.
[DEBUG   ] Grains refresh requested. Refreshing grains.
[DEBUG   ] Reading configuration from /etc/salt/minion
[DEBUG   ] Using pkg_resources to load entry points
[DEBUG   ] Using pkg_resources to load entry points
[DEBUG   ] Using pkg_resources to load entry points
[DEBUG   ] Override  __utils__: <module 'salt.loaded.int.grains.zfs' from '/usr/lib/python3/dist-packages/salt/grains/zfs.py'>
[DEBUG   ] Elapsed time getting FQDNs: 0.11788368225097656 seconds
[DEBUG   ] Could not determine init system from command line: (bash)
[DEBUG   ] The `lspci` binary is not available on the system. GPU grains will not be available.
[DEBUG   ] LazyLoaded zfs.is_supported
[DEBUG   ] Determining pillar cache
[DEBUG   ] Using pkg_resources to load entry points
[DEBUG   ] Using pkg_resources to load entry points
[DEBUG   ] Using pkg_resources to load entry points
[DEBUG   ] Using pkg_resources to load entry points
[DEBUG   ] Using pkg_resources to load entry points
[DEBUG   ] LazyLoaded jinja.render
[DEBUG   ] LazyLoaded yaml.render
[DEBUG   ] Using pkg_resources to load entry points
[DEBUG   ] Using pkg_resources to load entry points
[DEBUG   ] Using pkg_resources to load entry points
[DEBUG   ] Using pkg_resources to load entry points
[DEBUG   ] Using pkg_resources to load entry points
[DEBUG   ] Using pkg_resources to load entry points
[DEBUG   ] Using pkg_resources to load entry points
[DEBUG   ] Using pkg_resources to load entry points
[DEBUG   ] Using pkg_resources to load entry points
[DEBUG   ] LazyLoaded jinja.render
[DEBUG   ] LazyLoaded yaml.render
[DEBUG   ] Using pkg_resources to load entry points
[DEBUG   ] Using pkg_resources to load entry points
[DEBUG   ] LazyLoaded args.clean_kwargs
[DEBUG   ] LazyLoaded config.option
[DEBUG   ] Trying paths: ['/root/.docker/config.json', '/root/.dockercfg']
[DEBUG   ] No config file found
[DEBUG   ] Trying paths: ['/root/.docker/config.json', '/root/.dockercfg']
[DEBUG   ] No config file found
[DEBUG   ] Converted retries value: Retry(total=0, connect=None, read=False, redirect=None, status=None) -> Retry(total=Retry(total=0, connect=None, read=False, redirect=None, status=None), connect=None, read=None, redirect=0, status=None)
[WARNING ] Connection pool is full, discarding connection: localhost
[DEBUG   ] LazyLoaded docker.ps
[DEBUG   ] LazyLoaded direct_call.execute
[DEBUG   ] Trying paths: ['/root/.docker/config.json', '/root/.dockercfg']
[DEBUG   ] No config file found
[DEBUG   ] Trying paths: ['/root/.docker/config.json', '/root/.dockercfg']
[DEBUG   ] No config file found
[DEBUG   ] Converted retries value: Retry(total=0, connect=None, read=False, redirect=None, status=None) -> Retry(total=Retry(total=0, connect=None, read=False, redirect=None, status=None), connect=None, read=None, redirect=0, status=None)
[WARNING ] Connection pool is full, discarding connection: localhost
[ERROR   ] An un-handled exception was caught by salt's global exception handler:
DockerException: Error while fetching server API version: Timeout value connect was Timeout(connect=60, read=60, total=None), but it must be an int, float or None.
Traceback (most recent call last):
  File "/usr/share/python-wheels/urllib3-1.24.1-py2.py3-none-any.whl/urllib3/util/timeout.py", line 124, in _validate_timeout
    float(value)
TypeError: float() argument must be a string or a number, not 'Timeout'

During handling of the above exception, another exception occurred:

Traceback (most recent call last):
  File "/usr/local/lib/python3.7/dist-packages/docker/api/client.py", line 214, in _retrieve_server_version
    return self.version(api_version=False)["ApiVersion"]
  File "/usr/local/lib/python3.7/dist-packages/docker/api/daemon.py", line 181, in version
    return self._result(self._get(url), json=True)
  File "/usr/local/lib/python3.7/dist-packages/docker/utils/decorators.py", line 46, in inner
    return f(self, *args, **kwargs)
  File "/usr/local/lib/python3.7/dist-packages/docker/api/client.py", line 237, in _get
    return self.get(url, **self._set_request_timeout(kwargs))
  File "/usr/share/python-wheels/requests-2.21.0-py2.py3-none-any.whl/requests/sessions.py", line 546, in get
    return self.request('GET', url, **kwargs)
  File "/usr/share/python-wheels/requests-2.21.0-py2.py3-none-any.whl/requests/sessions.py", line 533, in request
    resp = self.send(prep, **send_kwargs)
  File "/usr/share/python-wheels/requests-2.21.0-py2.py3-none-any.whl/requests/sessions.py", line 646, in send
    r = adapter.send(request, **kwargs)
  File "/usr/share/python-wheels/requests-2.21.0-py2.py3-none-any.whl/requests/adapters.py", line 449, in send
    timeout=timeout
  File "/usr/share/python-wheels/urllib3-1.24.1-py2.py3-none-any.whl/urllib3/connectionpool.py", line 587, in urlopen
    timeout_obj = self._get_timeout(timeout)
  File "/usr/share/python-wheels/urllib3-1.24.1-py2.py3-none-any.whl/urllib3/connectionpool.py", line 300, in _get_timeout
    return Timeout.from_float(timeout)
  File "/usr/share/python-wheels/urllib3-1.24.1-py2.py3-none-any.whl/urllib3/util/timeout.py", line 154, in from_float
    return Timeout(read=timeout, connect=timeout)
  File "/usr/share/python-wheels/urllib3-1.24.1-py2.py3-none-any.whl/urllib3/util/timeout.py", line 94, in __init__
    self._connect = self._validate_timeout(connect, 'connect')
  File "/usr/share/python-wheels/urllib3-1.24.1-py2.py3-none-any.whl/urllib3/util/timeout.py", line 127, in _validate_timeout
    "int, float or None." % (name, value))
ValueError: Timeout value connect was Timeout(connect=60, read=60, total=None), but it must be an int, float or None.

During handling of the above exception, another exception occurred:

Traceback (most recent call last):
  File "/usr/bin/salt-call", line 11, in <module>
    load_entry_point('salt==3003.3', 'console_scripts', 'salt-call')()
  File "/usr/lib/python3/dist-packages/salt/scripts.py", line 449, in salt_call
    client.run()
  File "/usr/lib/python3/dist-packages/salt/cli/call.py", line 58, in run
    caller.run()
  File "/usr/lib/python3/dist-packages/salt/cli/caller.py", line 112, in run
    ret = self.call()
  File "/usr/lib/python3/dist-packages/salt/cli/caller.py", line 220, in call
    self.opts, data, func, args, kwargs
  File "/usr/lib/python3/dist-packages/salt/loader.py", line 1241, in __call__
    return self.loader.run(run_func, *args, **kwargs)
  File "/usr/lib/python3/dist-packages/salt/loader.py", line 2274, in run
    return self._last_context.run(self._run_as, _func_or_method, *args, **kwargs)
  File "/usr/lib/python3/dist-packages/salt/loader.py", line 2289, in _run_as
    return _func_or_method(*args, **kwargs)
  File "/usr/lib/python3/dist-packages/salt/executors/direct_call.py", line 12, in execute
    return func(*args, **kwargs)
  File "/usr/lib/python3/dist-packages/salt/loader.py", line 1241, in __call__
    return self.loader.run(run_func, *args, **kwargs)
  File "/usr/lib/python3/dist-packages/salt/loader.py", line 2274, in run
    return self._last_context.run(self._run_as, _func_or_method, *args, **kwargs)
  File "/usr/lib/python3/dist-packages/salt/loader.py", line 2289, in _run_as
    return _func_or_method(*args, **kwargs)
  File "/usr/lib/python3/dist-packages/salt/modules/dockermod.py", line 2321, in ps_
    response = _client_wrapper("containers", all=True, filters=filters)
  File "/usr/lib/python3/dist-packages/salt/modules/dockermod.py", line 437, in wrapper
    __context__["docker.client"] = _get_client(timeout=timeout, **kwargs)
  File "/usr/lib/python3/dist-packages/salt/modules/dockermod.py", line 397, in _get_client
    ret = docker.APIClient(**client_kwargs)
  File "/usr/local/lib/python3.7/dist-packages/docker/api/client.py", line 197, in __init__
    self._version = self._retrieve_server_version()
  File "/usr/local/lib/python3.7/dist-packages/docker/api/client.py", line 222, in _retrieve_server_version
    f'Error while fetching server API version: {e}'
docker.errors.DockerException: Error while fetching server API version: Timeout value connect was Timeout(connect=60, read=60, total=None), but it must be an int, float or None.
Traceback (most recent call last):
  File "/usr/share/python-wheels/urllib3-1.24.1-py2.py3-none-any.whl/urllib3/util/timeout.py", line 124, in _validate_timeout
TypeError: float() argument must be a string or a number, not 'Timeout'

During handling of the above exception, another exception occurred:

Traceback (most recent call last):
  File "/usr/local/lib/python3.7/dist-packages/docker/api/client.py", line 214, in _retrieve_server_version
    return self.version(api_version=False)["ApiVersion"]
  File "/usr/local/lib/python3.7/dist-packages/docker/api/daemon.py", line 181, in version
    return self._result(self._get(url), json=True)
  File "/usr/local/lib/python3.7/dist-packages/docker/utils/decorators.py", line 46, in inner
    return f(self, *args, **kwargs)
  File "/usr/local/lib/python3.7/dist-packages/docker/api/client.py", line 237, in _get
    return self.get(url, **self._set_request_timeout(kwargs))
  File "/usr/share/python-wheels/requests-2.21.0-py2.py3-none-any.whl/requests/sessions.py", line 546, in get
  File "/usr/share/python-wheels/requests-2.21.0-py2.py3-none-any.whl/requests/sessions.py", line 533, in request
  File "/usr/share/python-wheels/requests-2.21.0-py2.py3-none-any.whl/requests/sessions.py", line 646, in send
  File "/usr/share/python-wheels/requests-2.21.0-py2.py3-none-any.whl/requests/adapters.py", line 449, in send
  File "/usr/share/python-wheels/urllib3-1.24.1-py2.py3-none-any.whl/urllib3/connectionpool.py", line 587, in urlopen
  File "/usr/share/python-wheels/urllib3-1.24.1-py2.py3-none-any.whl/urllib3/connectionpool.py", line 300, in _get_timeout
  File "/usr/share/python-wheels/urllib3-1.24.1-py2.py3-none-any.whl/urllib3/util/timeout.py", line 154, in from_float
  File "/usr/share/python-wheels/urllib3-1.24.1-py2.py3-none-any.whl/urllib3/util/timeout.py", line 94, in __init__
  File "/usr/share/python-wheels/urllib3-1.24.1-py2.py3-none-any.whl/urllib3/util/timeout.py", line 127, in _validate_timeout
ValueError: Timeout value connect was Timeout(connect=60, read=60, total=None), but it must be an int, float or None.

During handling of the above exception, another exception occurred:

Traceback (most recent call last):
  File "/usr/bin/salt-call", line 11, in <module>
    load_entry_point('salt==3003.3', 'console_scripts', 'salt-call')()
  File "/usr/lib/python3/dist-packages/salt/scripts.py", line 449, in salt_call
    client.run()
  File "/usr/lib/python3/dist-packages/salt/cli/call.py", line 58, in run
    caller.run()
  File "/usr/lib/python3/dist-packages/salt/cli/caller.py", line 112, in run
    ret = self.call()
  File "/usr/lib/python3/dist-packages/salt/cli/caller.py", line 220, in call
    self.opts, data, func, args, kwargs
  File "/usr/lib/python3/dist-packages/salt/loader.py", line 1241, in __call__
    return self.loader.run(run_func, *args, **kwargs)
  File "/usr/lib/python3/dist-packages/salt/loader.py", line 2274, in run
    return self._last_context.run(self._run_as, _func_or_method, *args, **kwargs)
  File "/usr/lib/python3/dist-packages/salt/loader.py", line 2289, in _run_as
    return _func_or_method(*args, **kwargs)
  File "/usr/lib/python3/dist-packages/salt/executors/direct_call.py", line 12, in execute
    return func(*args, **kwargs)
  File "/usr/lib/python3/dist-packages/salt/loader.py", line 1241, in __call__
    return self.loader.run(run_func, *args, **kwargs)
  File "/usr/lib/python3/dist-packages/salt/loader.py", line 2274, in run
    return self._last_context.run(self._run_as, _func_or_method, *args, **kwargs)
  File "/usr/lib/python3/dist-packages/salt/loader.py", line 2289, in _run_as
    return _func_or_method(*args, **kwargs)
  File "/usr/lib/python3/dist-packages/salt/modules/dockermod.py", line 2321, in ps_
    response = _client_wrapper("containers", all=True, filters=filters)
  File "/usr/lib/python3/dist-packages/salt/modules/dockermod.py", line 437, in wrapper
    __context__["docker.client"] = _get_client(timeout=timeout, **kwargs)
  File "/usr/lib/python3/dist-packages/salt/modules/dockermod.py", line 397, in _get_client
    ret = docker.APIClient(**client_kwargs)
  File "/usr/local/lib/python3.7/dist-packages/docker/api/client.py", line 197, in __init__
    self._version = self._retrieve_server_version()
  File "/usr/local/lib/python3.7/dist-packages/docker/api/client.py", line 222, in _retrieve_server_version
    f'Error while fetching server API version: {e}'
docker.errors.DockerException: Error while fetching server API version: Timeout value connect was Timeout(connect=60, read=60, total=None), but it must be an int, float or None.
```
**Expected behavior**

The expected bahvior is to successfully communicate with Docker API on minion.

**Versions Report**
<details>

Salt Version:
          Salt: 3003.3

Dependency Versions:
          cffi: Not Installed
      cherrypy: Not Installed
      dateutil: 2.7.3
     docker-py: 5.0.2
         gitdb: Not Installed
     gitpython: Not Installed
        Jinja2: 2.10
       libgit2: Not Installed
      M2Crypto: Not Installed
          Mako: Not Installed
       msgpack: 0.5.6
  msgpack-pure: Not Installed
  mysql-python: Not Installed
     pycparser: Not Installed
      pycrypto: 2.6.1
  pycryptodome: 3.6.1
        pygit2: Not Installed
        Python: 3.7.3 (default, Jan 22 2021, 20:04:44)
  python-gnupg: Not Installed
        PyYAML: 3.13
         PyZMQ: 17.1.2
         smmap: Not Installed
       timelib: Not Installed
       Tornado: 4.5.3
           ZMQ: 4.3.1

System Versions:
          dist: debian 10 buster
        locale: utf-8
       machine: x86_64
       release: 4.19.0-9-amd64
        system: Linux
       version: Debian GNU/Linux 10 buster
</details>


P.S: The first edit version is description with Master minion scenario.