I'm running `pip` state:

```
schema:
  pip.installed:
    - bin_env: /usr/bin/pip3
```

I get following error:

```
Downloading schema-0.3.1.tar.gz
Running setup.py egg_info for package schema
Traceback (most recent call last):
        File "<string>", line 16, in <module>
        File "/tmp/pip_build_root/schema/setup.py", line 16, in <module>
        long_description=open('README.rst').read(),
        File "/usr/lib64/python3.3/encodings/ascii.py", line 26, in decode
        return codecs.ascii_decode(input, self.errors)[0]
        UnicodeDecodeError: 'ascii' codec can't decode byte 0xe2 in position 2360: ordinal not in rang
        e(128)
        Complete output from command python setup.py egg_info:
        Traceback (most recent call last):

            File "<string>", line 16, in <module>

            File "/tmp/pip_build_root/schema/setup.py", line 16, in <module>

                long_description=open('README.rst').read(),

            File "/usr/lib64/python3.3/encodings/ascii.py", line 26, in decode

                return codecs.ascii_decode(input, self.errors)[0]

UnicodeDecodeError: 'ascii' codec can't decode byte 0xe2 in position 2360: ordinal not in range(128)
```

`schema` package itself installs fine:

```
$ pip3 install schema
Downloading/unpacking schema
  Downloading schema-0.3.1.tar.gz
  Running setup.py egg_info for package schema

Installing collected packages: schema
  Running setup.py install for schema

Successfully installed schema
Cleaning up...
```

```
Salt Version:
           Salt: 2015.8.0

Dependency Versions:
         Jinja2: 2.7.3
       M2Crypto: 0.22                                                                                    
           Mako: Not Installed
         PyYAML: 3.11
          PyZMQ: 14.3.1
         Python: 2.7.6 (default, Nov 21 2013, 15:55:38) [GCC]
           RAET: Not Installed
        Tornado: 4.2.1
            ZMQ: 4.0.5
           cffi: 0.8.6
       cherrypy: Not Installed
       dateutil: 2.1
          gitdb: 0.5.4
      gitpython: Not Installed
          ioflo: 1.3.8
        libnacl: 1.4.3
   msgpack-pure: Not Installed
 msgpack-python: 0.4.2
   mysql-python: Not Installed
      pycparser: 2.10
       pycrypto: 2.6.1
         pygit2: 0.22.0
   python-gnupg: Not Installed
          smmap: 0.8.2
        timelib: Not Installed

System Versions:
           dist: SuSE 13.1 x86_64
        machine: x86_64
        release: 3.11.10-25-default
         system: openSUSE  13.1 x86_64
```
