integration.modules.test_linux_service.ServiceModuleTest.test_service_disable
```
Traceback (most recent call last):
  File "/tmp/kitchen/testing/tests/integration/modules/test_linux_service.py", line 130, in test_service_disable
    self.assertIn(self.service_name, self.run_function("service.get_disabled"))
AssertionError: 'sshd' not found in []
```
integration.modules.test_linux_service.ServiceModuleTest.test_service_enable
```
Traceback (most recent call last):
  File "/tmp/kitchen/testing/tests/integration/modules/test_linux_service.py", line 116, in test_service_enable
    self.assertIn(self.service_name, self.run_function("service.get_enabled"))
AssertionError: 'sshd' not found in []
```