**Description**
In the past, there were 2 ways of being able to not have to type out the full path to a file if it was in the same path. slspath, tplpath which are variables and relative path. 

Currently, none of these work as designed. 

**Setup**
File directory layout 

````
/srv/salt:
  /test
    test_import1.sls
    test_import2.sls
    vars2.j2
````

test_import1.sls
```
{% import './vars2.j2' as vars %}

nope:
  test.nop: []
```
test_import2.sls
```
{% import  slspath ~ '/vars2.j2' as vars %}

nope:
  test.nop: []
```


**Steps to Reproduce the behavior**

<details><summary>Relative path test.</summary>

command: `salt-call slsutil.renderer salt://test/import_test1.sls default_renderer=jinja`

```
[ERROR   ] Rendering exception occurred
Traceback (most recent call last):
  File "/usr/lib/python3/dist-packages/salt/utils/templates.py", line 400, in render_jinja_tmpl
    output = template.render(**decoded_context)
  File "/usr/lib/python3/dist-packages/jinja2/asyncsupport.py", line 76, in render
    return original_render(self, *args, **kwargs)
  File "/usr/lib/python3/dist-packages/jinja2/environment.py", line 1008, in render
    return self.environment.handle_exception(exc_info, True)
  File "/usr/lib/python3/dist-packages/jinja2/environment.py", line 780, in handle_exception
    reraise(exc_type, exc_value, tb)
  File "/usr/lib/python3/dist-packages/jinja2/_compat.py", line 37, in reraise
    raise value.with_traceback(tb)
  File "<template>", line 1, in <module>
  File "/usr/lib/python3/dist-packages/salt/utils/jinja.py", line 204, in get_source
    raise TemplateNotFound(template)
jinja2.exceptions.TemplateNotFound: ./vars2.j2

During handling of the above exception, another exception occurred:

Traceback (most recent call last):
  File "/usr/lib/python3/dist-packages/salt/utils/templates.py", line 166, in render_tmpl
    output = render_str(tmplstr, context, tmplpath)
  File "/usr/lib/python3/dist-packages/salt/utils/templates.py", line 444, in render_jinja_tmpl
    raise SaltRenderError(
salt.exceptions.SaltRenderError: Jinja error: ./vars2.j2
Traceback (most recent call last):
  File "/usr/lib/python3/dist-packages/salt/utils/templates.py", line 400, in render_jinja_tmpl
    output = template.render(**decoded_context)
  File "/usr/lib/python3/dist-packages/jinja2/asyncsupport.py", line 76, in render
    return original_render(self, *args, **kwargs)
  File "/usr/lib/python3/dist-packages/jinja2/environment.py", line 1008, in render
    return self.environment.handle_exception(exc_info, True)
  File "/usr/lib/python3/dist-packages/jinja2/environment.py", line 780, in handle_exception
    reraise(exc_type, exc_value, tb)
  File "/usr/lib/python3/dist-packages/jinja2/_compat.py", line 37, in reraise
    raise value.with_traceback(tb)
  File "<template>", line 1, in <module>
  File "/usr/lib/python3/dist-packages/salt/utils/jinja.py", line 204, in get_source
    raise TemplateNotFound(template)
jinja2.exceptions.TemplateNotFound: ./vars2.j2

; line 1

---
{% import './vars2.j2' as vars %}    <======================


nope:
  test.nop: []

[...]
---
[ERROR   ] An un-handled exception was caught by salt's global exception handler:
SaltRenderError: Jinja error: ./vars2.j2
Traceback (most recent call last):
  File "/usr/lib/python3/dist-packages/salt/utils/templates.py", line 400, in render_jinja_tmpl
    output = template.render(**decoded_context)
  File "/usr/lib/python3/dist-packages/jinja2/asyncsupport.py", line 76, in render
    return original_render(self, *args, **kwargs)
  File "/usr/lib/python3/dist-packages/jinja2/environment.py", line 1008, in render
    return self.environment.handle_exception(exc_info, True)
  File "/usr/lib/python3/dist-packages/jinja2/environment.py", line 780, in handle_exception
    reraise(exc_type, exc_value, tb)
  File "/usr/lib/python3/dist-packages/jinja2/_compat.py", line 37, in reraise
    raise value.with_traceback(tb)
  File "<template>", line 1, in <module>
  File "/usr/lib/python3/dist-packages/salt/utils/jinja.py", line 204, in get_source
    raise TemplateNotFound(template)
jinja2.exceptions.TemplateNotFound: ./vars2.j2

; line 1

---
{% import './vars2.j2' as vars %}    <======================


nope:
  test.nop: []

[...]
---
Traceback (most recent call last):
  File "/usr/lib/python3/dist-packages/salt/utils/templates.py", line 400, in render_jinja_tmpl
    output = template.render(**decoded_context)
  File "/usr/lib/python3/dist-packages/jinja2/asyncsupport.py", line 76, in render
    return original_render(self, *args, **kwargs)
  File "/usr/lib/python3/dist-packages/jinja2/environment.py", line 1008, in render
    return self.environment.handle_exception(exc_info, True)
  File "/usr/lib/python3/dist-packages/jinja2/environment.py", line 780, in handle_exception
    reraise(exc_type, exc_value, tb)
  File "/usr/lib/python3/dist-packages/jinja2/_compat.py", line 37, in reraise
    raise value.with_traceback(tb)
  File "<template>", line 1, in <module>
  File "/usr/lib/python3/dist-packages/salt/utils/jinja.py", line 204, in get_source
    raise TemplateNotFound(template)
jinja2.exceptions.TemplateNotFound: ./vars2.j2

During handling of the above exception, another exception occurred:

Traceback (most recent call last):
  File "/usr/bin/salt-call", line 11, in <module>
    load_entry_point('salt==3001rc1', 'console_scripts', 'salt-call')()
  File "/usr/lib/python3/dist-packages/salt/scripts.py", line 472, in salt_call
    client.run()
  File "/usr/lib/python3/dist-packages/salt/cli/call.py", line 58, in run
    caller.run()
  File "/usr/lib/python3/dist-packages/salt/cli/caller.py", line 121, in run
    ret = self.call()
  File "/usr/lib/python3/dist-packages/salt/cli/caller.py", line 228, in call
    ret["return"] = self.minion.executors[fname](
  File "/usr/lib/python3/dist-packages/salt/executors/direct_call.py", line 12, in execute
    return func(*args, **kwargs)
  File "/usr/lib/python3/dist-packages/salt/modules/slsutil.py", line 176, in renderer
    ret = salt.template.compile_template(
  File "/usr/lib/python3/dist-packages/salt/template.py", line 106, in compile_template
    ret = render(input_data, saltenv, sls, **render_kwargs)
  File "/usr/lib/python3/dist-packages/salt/renderers/jinja.py", line 66, in render
    tmp_data = salt.utils.templates.JINJA(
  File "/usr/lib/python3/dist-packages/salt/utils/templates.py", line 166, in render_tmpl
    output = render_str(tmplstr, context, tmplpath)
  File "/usr/lib/python3/dist-packages/salt/utils/templates.py", line 444, in render_jinja_tmpl
    raise SaltRenderError(
salt.exceptions.SaltRenderError: Jinja error: ./vars2.j2
Traceback (most recent call last):
  File "/usr/lib/python3/dist-packages/salt/utils/templates.py", line 400, in render_jinja_tmpl
    output = template.render(**decoded_context)
  File "/usr/lib/python3/dist-packages/jinja2/asyncsupport.py", line 76, in render
    return original_render(self, *args, **kwargs)
  File "/usr/lib/python3/dist-packages/jinja2/environment.py", line 1008, in render
    return self.environment.handle_exception(exc_info, True)
  File "/usr/lib/python3/dist-packages/jinja2/environment.py", line 780, in handle_exception
    reraise(exc_type, exc_value, tb)
  File "/usr/lib/python3/dist-packages/jinja2/_compat.py", line 37, in reraise
    raise value.with_traceback(tb)
  File "<template>", line 1, in <module>
  File "/usr/lib/python3/dist-packages/salt/utils/jinja.py", line 204, in get_source
    raise TemplateNotFound(template)
jinja2.exceptions.TemplateNotFound: ./vars2.j2

; line 1

---
{% import './vars2.j2' as vars %}    <======================


nope:
  test.nop: []

[...]
---
Traceback (most recent call last):
  File "/usr/lib/python3/dist-packages/salt/utils/templates.py", line 400, in render_jinja_tmpl
    output = template.render(**decoded_context)
  File "/usr/lib/python3/dist-packages/jinja2/asyncsupport.py", line 76, in render
    return original_render(self, *args, **kwargs)
  File "/usr/lib/python3/dist-packages/jinja2/environment.py", line 1008, in render
    return self.environment.handle_exception(exc_info, True)
  File "/usr/lib/python3/dist-packages/jinja2/environment.py", line 780, in handle_exception
    reraise(exc_type, exc_value, tb)
  File "/usr/lib/python3/dist-packages/jinja2/_compat.py", line 37, in reraise
    raise value.with_traceback(tb)
  File "<template>", line 1, in <module>
  File "/usr/lib/python3/dist-packages/salt/utils/jinja.py", line 204, in get_source
    raise TemplateNotFound(template)
jinja2.exceptions.TemplateNotFound: ./vars2.j2

During handling of the above exception, another exception occurred:

Traceback (most recent call last):
  File "/usr/bin/salt-call", line 11, in <module>
    load_entry_point('salt==3001rc1', 'console_scripts', 'salt-call')()
  File "/usr/lib/python3/dist-packages/salt/scripts.py", line 472, in salt_call
    client.run()
  File "/usr/lib/python3/dist-packages/salt/cli/call.py", line 58, in run
    caller.run()
  File "/usr/lib/python3/dist-packages/salt/cli/caller.py", line 121, in run
    ret = self.call()
  File "/usr/lib/python3/dist-packages/salt/cli/caller.py", line 228, in call
    ret["return"] = self.minion.executors[fname](
  File "/usr/lib/python3/dist-packages/salt/executors/direct_call.py", line 12, in execute
    return func(*args, **kwargs)
  File "/usr/lib/python3/dist-packages/salt/modules/slsutil.py", line 176, in renderer
    ret = salt.template.compile_template(
  File "/usr/lib/python3/dist-packages/salt/template.py", line 106, in compile_template
    ret = render(input_data, saltenv, sls, **render_kwargs)
  File "/usr/lib/python3/dist-packages/salt/renderers/jinja.py", line 66, in render
    tmp_data = salt.utils.templates.JINJA(
  File "/usr/lib/python3/dist-packages/salt/utils/templates.py", line 166, in render_tmpl
    output = render_str(tmplstr, context, tmplpath)
  File "/usr/lib/python3/dist-packages/salt/utils/templates.py", line 444, in render_jinja_tmpl
    raise SaltRenderError(
salt.exceptions.SaltRenderError: Jinja error: ./vars2.j2
Traceback (most recent call last):
  File "/usr/lib/python3/dist-packages/salt/utils/templates.py", line 400, in render_jinja_tmpl
    output = template.render(**decoded_context)
  File "/usr/lib/python3/dist-packages/jinja2/asyncsupport.py", line 76, in render
    return original_render(self, *args, **kwargs)
  File "/usr/lib/python3/dist-packages/jinja2/environment.py", line 1008, in render
    return self.environment.handle_exception(exc_info, True)
  File "/usr/lib/python3/dist-packages/jinja2/environment.py", line 780, in handle_exception
    reraise(exc_type, exc_value, tb)
  File "/usr/lib/python3/dist-packages/jinja2/_compat.py", line 37, in reraise
    raise value.with_traceback(tb)
  File "<template>", line 1, in <module>
  File "/usr/lib/python3/dist-packages/salt/utils/jinja.py", line 204, in get_source
    raise TemplateNotFound(template)
jinja2.exceptions.TemplateNotFound: ./vars2.j2

; line 1

---
{% import './vars2.j2' as vars %}    <======================


nope:
  test.nop: []

[...]
---
```
</details>

<details><summary> slspath test </summary>

command: `salt-call slsutil.renderer salt://test/import_test2.sls default_renderer=jinja`

```
[ERROR   ] Rendering exception occurred
Traceback (most recent call last):
  File "/usr/lib/python3/dist-packages/salt/utils/templates.py", line 400, in render_jinja_tmpl
    output = template.render(**decoded_context)
  File "/usr/lib/python3/dist-packages/jinja2/asyncsupport.py", line 76, in render
    return original_render(self, *args, **kwargs)
  File "/usr/lib/python3/dist-packages/jinja2/environment.py", line 1008, in render
    return self.environment.handle_exception(exc_info, True)
  File "/usr/lib/python3/dist-packages/jinja2/environment.py", line 780, in handle_exception
    reraise(exc_type, exc_value, tb)
  File "/usr/lib/python3/dist-packages/jinja2/_compat.py", line 37, in reraise
    raise value.with_traceback(tb)
  File "<template>", line 1, in <module>
  File "/usr/lib/python3/dist-packages/salt/utils/jinja.py", line 204, in get_source
    raise TemplateNotFound(template)
jinja2.exceptions.TemplateNotFound: /vars2.j2

During handling of the above exception, another exception occurred:

Traceback (most recent call last):
  File "/usr/lib/python3/dist-packages/salt/utils/templates.py", line 166, in render_tmpl
    output = render_str(tmplstr, context, tmplpath)
  File "/usr/lib/python3/dist-packages/salt/utils/templates.py", line 444, in render_jinja_tmpl
    raise SaltRenderError(
salt.exceptions.SaltRenderError: Jinja error: /vars2.j2
Traceback (most recent call last):
  File "/usr/lib/python3/dist-packages/salt/utils/templates.py", line 400, in render_jinja_tmpl
    output = template.render(**decoded_context)
  File "/usr/lib/python3/dist-packages/jinja2/asyncsupport.py", line 76, in render
    return original_render(self, *args, **kwargs)
  File "/usr/lib/python3/dist-packages/jinja2/environment.py", line 1008, in render
    return self.environment.handle_exception(exc_info, True)
  File "/usr/lib/python3/dist-packages/jinja2/environment.py", line 780, in handle_exception
    reraise(exc_type, exc_value, tb)
  File "/usr/lib/python3/dist-packages/jinja2/_compat.py", line 37, in reraise
    raise value.with_traceback(tb)
  File "<template>", line 1, in <module>
  File "/usr/lib/python3/dist-packages/salt/utils/jinja.py", line 204, in get_source
    raise TemplateNotFound(template)
jinja2.exceptions.TemplateNotFound: /vars2.j2

; line 1

---
{% import slspath ~ '/vars2.j2' as vars %}    <======================


nope:
  test.nop: []

[...]
---
[ERROR   ] An un-handled exception was caught by salt's global exception handler:
SaltRenderError: Jinja error: /vars2.j2
Traceback (most recent call last):
  File "/usr/lib/python3/dist-packages/salt/utils/templates.py", line 400, in render_jinja_tmpl
    output = template.render(**decoded_context)
  File "/usr/lib/python3/dist-packages/jinja2/asyncsupport.py", line 76, in render
    return original_render(self, *args, **kwargs)
  File "/usr/lib/python3/dist-packages/jinja2/environment.py", line 1008, in render
    return self.environment.handle_exception(exc_info, True)
  File "/usr/lib/python3/dist-packages/jinja2/environment.py", line 780, in handle_exception
    reraise(exc_type, exc_value, tb)
  File "/usr/lib/python3/dist-packages/jinja2/_compat.py", line 37, in reraise
    raise value.with_traceback(tb)
  File "<template>", line 1, in <module>
  File "/usr/lib/python3/dist-packages/salt/utils/jinja.py", line 204, in get_source
    raise TemplateNotFound(template)
jinja2.exceptions.TemplateNotFound: /vars2.j2

; line 1

---
{% import slspath ~ '/vars2.j2' as vars %}    <======================


nope:
  test.nop: []

[...]
---
Traceback (most recent call last):
  File "/usr/lib/python3/dist-packages/salt/utils/templates.py", line 400, in render_jinja_tmpl
    output = template.render(**decoded_context)
  File "/usr/lib/python3/dist-packages/jinja2/asyncsupport.py", line 76, in render
    return original_render(self, *args, **kwargs)
  File "/usr/lib/python3/dist-packages/jinja2/environment.py", line 1008, in render
    return self.environment.handle_exception(exc_info, True)
  File "/usr/lib/python3/dist-packages/jinja2/environment.py", line 780, in handle_exception
    reraise(exc_type, exc_value, tb)
  File "/usr/lib/python3/dist-packages/jinja2/_compat.py", line 37, in reraise
    raise value.with_traceback(tb)
  File "<template>", line 1, in <module>
  File "/usr/lib/python3/dist-packages/salt/utils/jinja.py", line 204, in get_source
    raise TemplateNotFound(template)
jinja2.exceptions.TemplateNotFound: /vars2.j2

During handling of the above exception, another exception occurred:

Traceback (most recent call last):
  File "/usr/bin/salt-call", line 11, in <module>
    load_entry_point('salt==3001rc1', 'console_scripts', 'salt-call')()
  File "/usr/lib/python3/dist-packages/salt/scripts.py", line 472, in salt_call
    client.run()
  File "/usr/lib/python3/dist-packages/salt/cli/call.py", line 58, in run
    caller.run()
  File "/usr/lib/python3/dist-packages/salt/cli/caller.py", line 121, in run
    ret = self.call()
  File "/usr/lib/python3/dist-packages/salt/cli/caller.py", line 228, in call
    ret["return"] = self.minion.executors[fname](
  File "/usr/lib/python3/dist-packages/salt/executors/direct_call.py", line 12, in execute
    return func(*args, **kwargs)
  File "/usr/lib/python3/dist-packages/salt/modules/slsutil.py", line 176, in renderer
    ret = salt.template.compile_template(
  File "/usr/lib/python3/dist-packages/salt/template.py", line 106, in compile_template
    ret = render(input_data, saltenv, sls, **render_kwargs)
  File "/usr/lib/python3/dist-packages/salt/renderers/jinja.py", line 66, in render
    tmp_data = salt.utils.templates.JINJA(
  File "/usr/lib/python3/dist-packages/salt/utils/templates.py", line 166, in render_tmpl
    output = render_str(tmplstr, context, tmplpath)
  File "/usr/lib/python3/dist-packages/salt/utils/templates.py", line 444, in render_jinja_tmpl
    raise SaltRenderError(
salt.exceptions.SaltRenderError: Jinja error: /vars2.j2
Traceback (most recent call last):
  File "/usr/lib/python3/dist-packages/salt/utils/templates.py", line 400, in render_jinja_tmpl
    output = template.render(**decoded_context)
  File "/usr/lib/python3/dist-packages/jinja2/asyncsupport.py", line 76, in render
    return original_render(self, *args, **kwargs)
  File "/usr/lib/python3/dist-packages/jinja2/environment.py", line 1008, in render
    return self.environment.handle_exception(exc_info, True)
  File "/usr/lib/python3/dist-packages/jinja2/environment.py", line 780, in handle_exception
    reraise(exc_type, exc_value, tb)
  File "/usr/lib/python3/dist-packages/jinja2/_compat.py", line 37, in reraise
    raise value.with_traceback(tb)
  File "<template>", line 1, in <module>
  File "/usr/lib/python3/dist-packages/salt/utils/jinja.py", line 204, in get_source
    raise TemplateNotFound(template)
jinja2.exceptions.TemplateNotFound: /vars2.j2

; line 1

---
{% import slspath ~ '/vars2.j2' as vars %}    <======================


nope:
  test.nop: []

[...]
---
Traceback (most recent call last):
  File "/usr/lib/python3/dist-packages/salt/utils/templates.py", line 400, in render_jinja_tmpl
    output = template.render(**decoded_context)
  File "/usr/lib/python3/dist-packages/jinja2/asyncsupport.py", line 76, in render
    return original_render(self, *args, **kwargs)
  File "/usr/lib/python3/dist-packages/jinja2/environment.py", line 1008, in render
    return self.environment.handle_exception(exc_info, True)
  File "/usr/lib/python3/dist-packages/jinja2/environment.py", line 780, in handle_exception
    reraise(exc_type, exc_value, tb)
  File "/usr/lib/python3/dist-packages/jinja2/_compat.py", line 37, in reraise
    raise value.with_traceback(tb)
  File "<template>", line 1, in <module>
  File "/usr/lib/python3/dist-packages/salt/utils/jinja.py", line 204, in get_source
    raise TemplateNotFound(template)
jinja2.exceptions.TemplateNotFound: /vars2.j2

During handling of the above exception, another exception occurred:

Traceback (most recent call last):
  File "/usr/bin/salt-call", line 11, in <module>
    load_entry_point('salt==3001rc1', 'console_scripts', 'salt-call')()
  File "/usr/lib/python3/dist-packages/salt/scripts.py", line 472, in salt_call
    client.run()
  File "/usr/lib/python3/dist-packages/salt/cli/call.py", line 58, in run
    caller.run()
  File "/usr/lib/python3/dist-packages/salt/cli/caller.py", line 121, in run
    ret = self.call()
  File "/usr/lib/python3/dist-packages/salt/cli/caller.py", line 228, in call
    ret["return"] = self.minion.executors[fname](
  File "/usr/lib/python3/dist-packages/salt/executors/direct_call.py", line 12, in execute
    return func(*args, **kwargs)
  File "/usr/lib/python3/dist-packages/salt/modules/slsutil.py", line 176, in renderer
    ret = salt.template.compile_template(
  File "/usr/lib/python3/dist-packages/salt/template.py", line 106, in compile_template
    ret = render(input_data, saltenv, sls, **render_kwargs)
  File "/usr/lib/python3/dist-packages/salt/renderers/jinja.py", line 66, in render
    tmp_data = salt.utils.templates.JINJA(
  File "/usr/lib/python3/dist-packages/salt/utils/templates.py", line 166, in render_tmpl
    output = render_str(tmplstr, context, tmplpath)
  File "/usr/lib/python3/dist-packages/salt/utils/templates.py", line 444, in render_jinja_tmpl
    raise SaltRenderError(
salt.exceptions.SaltRenderError: Jinja error: /vars2.j2
Traceback (most recent call last):
  File "/usr/lib/python3/dist-packages/salt/utils/templates.py", line 400, in render_jinja_tmpl
    output = template.render(**decoded_context)
  File "/usr/lib/python3/dist-packages/jinja2/asyncsupport.py", line 76, in render
    return original_render(self, *args, **kwargs)
  File "/usr/lib/python3/dist-packages/jinja2/environment.py", line 1008, in render
    return self.environment.handle_exception(exc_info, True)
  File "/usr/lib/python3/dist-packages/jinja2/environment.py", line 780, in handle_exception
    reraise(exc_type, exc_value, tb)
  File "/usr/lib/python3/dist-packages/jinja2/_compat.py", line 37, in reraise
    raise value.with_traceback(tb)
  File "<template>", line 1, in <module>
  File "/usr/lib/python3/dist-packages/salt/utils/jinja.py", line 204, in get_source
    raise TemplateNotFound(template)
jinja2.exceptions.TemplateNotFound: /vars2.j2

; line 1

---
{% import slspath ~ '/vars2.j2' as vars %}    <======================


nope:
  test.nop: []

[...]
---
```
</details>

**Expected behavior**
Both of the above examples should just work. Right now in the RC neither is. 

**Versions Report**
<details><summary>salt --versions-report</summary>

```
salt-call --versions
Salt Version:
           Salt: 3001rc1

Dependency Versions:
           cffi: Not Installed
       cherrypy: 8.9.1
       dateutil: 2.7.3
      docker-py: Not Installed
          gitdb: 2.0.6
      gitpython: 3.0.7
         Jinja2: 2.10.1
        libgit2: 0.28.3
       M2Crypto: Not Installed
           Mako: Not Installed
   msgpack-pure: Not Installed
 msgpack-python: 0.6.2
   mysql-python: Not Installed
      pycparser: Not Installed
       pycrypto: 2.6.1
   pycryptodome: 3.6.1
         pygit2: 1.0.3
         Python: 3.8.2 (default, Apr 27 2020, 15:53:34)
   python-gnupg: 0.4.5
         PyYAML: 5.3.1
          PyZMQ: 18.1.1
          smmap: 2.0.5
        timelib: Not Installed
        Tornado: 4.5.3
            ZMQ: 4.3.2

System Versions:
           dist: ubuntu 20.04 focal
         locale: utf-8
        machine: x86_64
        release: 5.4.0-29-generic
         system: Linux
        version: Ubuntu 20.04 focal
```
</details>

**Additional context**
Add any other context about the problem here.
