### Description of Issue

It seems that virtualenv v20 changed their version output from stdout to stderr.

https://github.com/saltstack/salt/blob/b4dd2352f92a3d67fcfafefadd95dfd39a8e8c2e/salt/modules/virtualenv_mod.py#L173

It correctly returns a 0 status code but because stdout is empty `not ret['stdout'].strip()` throws us into the exception.


### Setup
(Please provide relevant configs and/or SLS files (Be sure to remove sensitive info).)

```
/project/.venv:
  virtualenv.managed:
    - user: ubuntu
    - python: python2.7
```


### Steps to Reproduce Issue
(Include debug logs if possible and relevant.)

Attempt to create a virtualenv with the latest virtualenv installed (v20+)

(this is being run withing packer which is why it has the `==> amazon-ebs:`)
```
==> amazon-ebs: [INFO    ] Running state [/project/.venv] at time 22:43:04.915533
==> amazon-ebs: [INFO    ] Executing state virtualenv.managed for [/project/.venv]
==> amazon-ebs: [INFO    ] Executing command ['/usr/local/bin/virtualenv', '--version'] as user 'ubuntu' in directory '/home/ubuntu'
==> amazon-ebs: [DEBUG   ] env command: ('su', '-s', '/bin/bash', '-', 'ubuntu', '-c', '/usr/bin/python3')
==> amazon-ebs: [DEBUG   ] stderr: virtualenv 20.0.4 from /usr/local/lib/python2.7/dist-packages/virtualenv/__init__.pyc
==> amazon-ebs: [DEBUG   ] An exception occurred in this state: Unable to get the virtualenv version output using '['/usr/local/bin/virtualenv', '--version']'. Returned data: {'pid': 13344, 'retcode': 0, 'stdout': '', 'stderr': 'virtualenv 20.0.4 from /usr/local/lib/python2.7/dist-packages/virtualenv/__init__.pyc'}
==> amazon-ebs: Traceback (most recent call last):
==> amazon-ebs:   File "/usr/lib/python3/dist-packages/salt/modules/virtualenv_mod.py", line 161, in create
==> amazon-ebs:     import virtualenv
==> amazon-ebs: ModuleNotFoundError: No module named 'virtualenv'
==> amazon-ebs:
==> amazon-ebs: During handling of the above exception, another exception occurred:
==> amazon-ebs:
==> amazon-ebs: Traceback (most recent call last):
==> amazon-ebs:   File "/usr/lib/python3/dist-packages/salt/state.py", line 1933, in call
==> amazon-ebs:     **cdata['kwargs'])
==> amazon-ebs:   File "/usr/lib/python3/dist-packages/salt/loader.py", line 1951, in wrapper
==> amazon-ebs:     return f(*args, **kwargs)
==> amazon-ebs:   File "/usr/lib/python3/dist-packages/salt/states/virtualenv_mod.py", line 209, in managed
==> amazon-ebs:     **kwargs
==> amazon-ebs:   File "/usr/lib/python3/dist-packages/salt/modules/virtualenv_mod.py", line 176, in create
==> amazon-ebs:     'Returned data: {1}'.format(version_cmd, ret)
==> amazon-ebs: salt.exceptions.CommandExecutionError: Unable to get the virtualenv version output using '['/usr/local/bin/virtualenv', '--version']'. Returned data: {'pid': 13344, 'retcode': 0, 'stdout': '', 'stderr': 'virtualenv 20.0.4 from /usr/local/lib/python2.7/dist-packages/virtualenv/__init__.pyc'}
==> amazon-ebs: [ERROR   ] An exception occurred in this state: Traceback (most recent call last):
==> amazon-ebs:   File "/usr/lib/python3/dist-packages/salt/modules/virtualenv_mod.py", line 161, in create
==> amazon-ebs:     import virtualenv
==> amazon-ebs: ModuleNotFoundError: No module named 'virtualenv'
==> amazon-ebs:
==> amazon-ebs: During handling of the above exception, another exception occurred:
==> amazon-ebs:
==> amazon-ebs: Traceback (most recent call last):
==> amazon-ebs:   File "/usr/lib/python3/dist-packages/salt/state.py", line 1933, in call
==> amazon-ebs:     **cdata['kwargs'])
==> amazon-ebs:   File "/usr/lib/python3/dist-packages/salt/loader.py", line 1951, in wrapper
==> amazon-ebs:     return f(*args, **kwargs)
==> amazon-ebs:   File "/usr/lib/python3/dist-packages/salt/states/virtualenv_mod.py", line 209, in managed
==> amazon-ebs:     **kwargs
==> amazon-ebs:   File "/usr/lib/python3/dist-packages/salt/modules/virtualenv_mod.py", line 176, in create
==> amazon-ebs:     'Returned data: {1}'.format(version_cmd, ret)
==> amazon-ebs: salt.exceptions.CommandExecutionError: Unable to get the virtualenv version output using '['/usr/local/bin/virtualenv', '--version']'. Returned data: {'pid': 13344, 'retcode': 0, 'stdout': '', 'stderr': 'virtualenv 20.0.4 from /usr/local/lib/python2.7/dist-packages/virtualenv/__init__.pyc'}
==> amazon-ebs:
==> amazon-ebs: [INFO    ] Completed state [/project/.venv] at time 22:43:05.357418 (duration_in_ms=441.883)
```


### Versions Report
(Provided by running `salt --versions-report`. Please also mention any differences in master/minion versions.)

```
Salt Version:
           Salt: 2019.2.3

Dependency Versions:
           cffi: Not Installed
       cherrypy: Not Installed
       dateutil: 2.8.1
      docker-py: Not Installed
          gitdb: Not Installed
      gitpython: Not Installed
          ioflo: Not Installed
         Jinja2: 2.10
        libgit2: Not Installed
        libnacl: Not Installed
       M2Crypto: Not Installed
           Mako: Not Installed
   msgpack-pure: Not Installed
 msgpack-python: 0.5.6
   mysql-python: Not Installed
      pycparser: Not Installed
       pycrypto: 2.6.1
   pycryptodome: Not Installed
         pygit2: Not Installed
         Python: 3.6.9 (default, Nov  7 2019, 10:44:02)
   python-gnupg: 0.4.1
         PyYAML: 3.12
          PyZMQ: 16.0.2
           RAET: Not Installed
          smmap: Not Installed
        timelib: Not Installed
        Tornado: 4.5.3
            ZMQ: 4.2.5

System Versions:
           dist: Ubuntu 18.04 bionic
         locale: UTF-8
        machine: x86_64
        release: 4.15.0-1057-aws
         system: Linux
        version: Ubuntu 18.04 bionic
```
