```
[ERROR   ] Caught Exception, terminating workers
TRACE: global name 'RSA' is not defined
Traceback (most recent call last):
  File "/usr/lib/python2.6/site-packages/salt/cloud/__init__.py", line 60, in _call
    ret = func(*args, **kwargs)
  File "/usr/lib/python2.6/site-packages/salt/cloud/__init__.py", line 2192, in create_multiprocessing
    local_master=parallel_data['local_master']
  File "/usr/lib/python2.6/site-packages/salt/cloud/__init__.py", line 1194, in create
    self.opts
  File "/usr/lib/python2.6/site-packages/salt/utils/cloud.py", line 157, in gen_keys
    salt.crypt.gen_keys(tdir, 'minion', keysize)
  File "/usr/lib/python2.6/site-packages/salt/crypt.py", line 88, in gen_keys
    gen = RSA.generate(bits=keysize, e=65537)
NameError: global name 'RSA' is not defined



Error: There was a query error: Exception caught
Caught Exception, terminating workers
TRACE: global name 'RSA' is not defined
Traceback (most recent call last):
  File "/usr/lib/python2.6/site-packages/salt/cloud/__init__.py", line 60, in _call
    ret = func(*args, **kwargs)
  File "/usr/lib/python2.6/site-packages/salt/cloud/__init__.py", line 2192, in create_multiprocessing
    local_master=parallel_data['local_master']
  File "/usr/lib/python2.6/site-packages/salt/cloud/__init__.py", line 1194, in create
    self.opts
  File "/usr/lib/python2.6/site-packages/salt/utils/cloud.py", line 157, in gen_keys
    salt.crypt.gen_keys(tdir, 'minion', keysize)
  File "/usr/lib/python2.6/site-packages/salt/crypt.py", line 88, in gen_keys
    gen = RSA.generate(bits=keysize, e=65537)
NameError: global name 'RSA' is not defined
```
