As Debian maintainer, I want to enable running the test cases shipped by salt. A few tests fail to run:

```
make[1]: Leaving directory '/<<BUILDDIR>>/salt-2017.7.2+dfsg1'
   debian/rules override_dh_auto_test
make[1]: Entering directory '/<<BUILDDIR>>/salt-2017.7.2+dfsg1'
python3 ./tests/runtests.py --unit
~~~~~~~~~~~~~~~~~~~~~~~~~~~~~~~~~~~~~~~~~~~~~~~~~~~~~~~~~~~~~~~~~~~~~~~~~~~~~~~~
 * Python Version: 3.6.4 (default, Jan 5 2018, 02:13:53) [GCC 7.2.0]
 * Transplanting configuration files to '/tmp/salt-tests-tmpdir/config'
 * Current Directory: /<<BUILDDIR>>/salt-2017.7.2+dfsg1
 * Test suite is running under PID 7133
 * Logging tests on /tmp/salt-runtests.log
~~~~~~~~~~~~~~~~~~~~~~~~~~~~~~~~~~~~~~~~~~~~~~~~~~~~~~~~~~~~~~~~~~~~~~~~~~~~~~~~
~~~~~~~~~~~~~~~~~~~~~~~~~~~~~~~~~~~~~~~~~~~~~~~~~~~~~~~~~~~~~~~~~~~~~~~~~~~~~~~~
Starting Unit Tests
~~~~~~~~~~~~~~~~~~~~~~~~~~~~~~~~~~~~~~~~~~~~~~~~~~~~~~~~~~~~~~~~~~~~~~~~~~~~~~~~
...................................ssssss...ssssssss................................s......................s...............................................s.................................................................................................................................ssssssssssssssssssssssssssssssssssssssssssssssssssssssssssssssssssssssssssssssssssssssssssssss........ss...............................................ssss.........ssss..........s............................................................................................................s..................ssssssssssssss............ssssssssssssssssssssssssssssssssssssssssssssssssssssssssssssssssssssssssssssssssssssssssssssssssssssssssssssssssssssssssssssssssssssssssssssssssssssssssssssssssssssssssssssssssssssssssssssssssssssssssssssssssssssssssssssssssssssssssssssssssssssssssssssssssssssssssssssssssssssssssssssssssssssssssssssssssssssssssssssssssssssssssssssssssssssssssssssssssssssssssssssssssssssssssssssssssssssssssssssssssssssssssssssssssssssssssssssssssssssssssssssssssssssssssssssssssssssssssssssssssssssssssssssssssssssss..................................................sss................E..........................................................................................ssss........................................................................................................................s.....ssssssssssssssssssssssss.......................ssssssssssssssssssssssssssssssssssssssssssssssssssssssssssssssssssssssssssssssssssssssssssssssssss.............................................................................................................................................................................................................................................................................................................................................................................sssssssssssssssssssssssssssssssssssssssssssssssssssssssssssssssssssssssssssssssssssssssssssssssssssssssssssssssss.................................................s...................................................................................................................................................................................................................................................................................................................................ssssssssssssssssssssssss..................................................................................................................................................................................................................................................................................................................................................................................................................................................................................................s..................................................................................................sssssssssss...................................................................................................................................................................................................................................................................................................................................ssssssssssssssssssss.........................................................................................................................................................................sssssss.............................................................................................s.s........ssssssssssssssss.s....ssssssss.ssss.................................sssssssssssss..........................................................................................ssssssss..................../<<BUILDDIR>>/salt-2017.7.2+dfsg1/salt/modules/ini_manage.py:389: DeprecationWarning: generator '_Ini._gen_tuples' raised StopIteration
  for section_name, sect_ini in self._gen_tuples(inicontents):
..............sssssssssssssssssssssssssssssssssssssssssss.........................................................................................................................................F...........ssssssssssssssssssssssssssssssssssssssssssssssssssssss..ssssss..sssssssssssssssssssssssssssssss.......ssssss.....sssssssssssssssssssssssss..sssssssssssssssssss....sssssss.......ssssssssssssssssssssssssss....................................................................................................s.....................................................................................................................................................................................................................................................................................................ss...........................................................................................................................................................................................................sss....................................................................s..s.......................EE.EEE.E................../<<BUILDDIR>>/salt-2017.7.2+dfsg1/salt/states/win_update.py:552: DeprecationWarning: The 'win_update' module is deprecated, and will be removed in Salt Fluorine. Please use the 'win_wua' module instead.
...............s....s....s................................x.............................................................E........s........./<<BUILDDIR>>/salt-2017.7.2+dfsg1/salt/transport/__init__.py:61: DeprecationWarning: The 'warn' method is deprecated, use 'warning' instead
  the option should be greater than 0 but, {0}'.format(sock_pool_size))
...s..............s.....ssssssss....s.s...................................................................................................sssssssss........x.............click is not installed, please install using pip
E...........................................................................................ssssssssssssssssssssssssssssssssssssssssssssssssssssssssssssssssssssssssssssssssssssssssssssssssssssssssssssssssssssssssssssssssss.sss..........................................................................s.........................s...................................................................ss..........................................s............sss...........ssssssssssssssssssssssssssss...sssssssssssssssssssssssssssssssssssssssssssssssssssssssssssssssssssssssssssssssssssssssssss
======================================================================
ERROR: test_run (unit.modules.test_cmdmod.CMDMODTestCase)
[CPU:10.9%|MEM:90.0%] 
----------------------------------------------------------------------
Traceback (most recent call last):
  File "/<<BUILDDIR>>/salt-2017.7.2+dfsg1/tests/unit/modules/test_cmdmod.py", line 231, in test_run
    ret = cmdmod._run('foo', use_vt=True).get('stderr')
  File "/<<BUILDDIR>>/salt-2017.7.2+dfsg1/salt/modules/cmdmod.py", line 536, in _run
    .format(cwd)
salt.exceptions.CommandExecutionError: Specified cwd '/sbuild-nonexistent' either not absolute or does not exist

======================================================================
ERROR: test_check_pub_data (unit.test_client.LocalClientTestCase)
[CPU:0.0%|MEM:90.0%] 
----------------------------------------------------------------------
Traceback (most recent call last):
  File "/<<BUILDDIR>>/salt-2017.7.2+dfsg1/tests/unit/test_client.py", line 32, in test_check_pub_data
    self.assertRaises(EauthAuthenticationError, self.client._check_pub_data, '')
  File "/<<BUILDDIR>>/salt-2017.7.2+dfsg1/tests/support/mixins.py", line 236, in client
    RUNTIME_VARS.RUNTIME_CONFIGS['runtime_client'] = salt.client.get_local_client(mopts=mopts)
  File "/<<BUILDDIR>>/salt-2017.7.2+dfsg1/salt/client/__init__.py", line 104, in get_local_client
    auto_reconnect=auto_reconnect)
  File "/<<BUILDDIR>>/salt-2017.7.2+dfsg1/salt/client/__init__.py", line 160, in __init__
    self.key = self.__read_master_key()
  File "/<<BUILDDIR>>/salt-2017.7.2+dfsg1/salt/client/__init__.py", line 193, in __read_master_key
    self.skip_perm_errors)
  File "/<<BUILDDIR>>/salt-2017.7.2+dfsg1/salt/utils/verify.py", line 399, in check_path_traversal
    raise SaltClientError(msg)
salt.exceptions.SaltClientError: Could not access /tmp/salt-tests-tmpdir/rootdir/cache. Path does not exist.

======================================================================
ERROR: test_cmd_subset (unit.test_client.LocalClientTestCase)
[CPU:0.0%|MEM:90.0%] 
----------------------------------------------------------------------
Traceback (most recent call last):
  File "/<<BUILDDIR>>/salt-2017.7.2+dfsg1/tests/unit/test_client.py", line 51, in test_cmd_subset
    self.client.cmd_subset('*', 'first.func', sub=1, cli=True)
  File "/<<BUILDDIR>>/salt-2017.7.2+dfsg1/tests/support/mixins.py", line 236, in client
    RUNTIME_VARS.RUNTIME_CONFIGS['runtime_client'] = salt.client.get_local_client(mopts=mopts)
  File "/<<BUILDDIR>>/salt-2017.7.2+dfsg1/salt/client/__init__.py", line 104, in get_local_client
    auto_reconnect=auto_reconnect)
  File "/<<BUILDDIR>>/salt-2017.7.2+dfsg1/salt/client/__init__.py", line 160, in __init__
    self.key = self.__read_master_key()
  File "/<<BUILDDIR>>/salt-2017.7.2+dfsg1/salt/client/__init__.py", line 193, in __read_master_key
    self.skip_perm_errors)
  File "/<<BUILDDIR>>/salt-2017.7.2+dfsg1/salt/utils/verify.py", line 399, in check_path_traversal
    raise SaltClientError(msg)
salt.exceptions.SaltClientError: Could not access /tmp/salt-tests-tmpdir/rootdir/cache. Path does not exist.

======================================================================
ERROR: test_pub (unit.test_client.LocalClientTestCase)
[CPU:0.0%|MEM:90.0%] 
----------------------------------------------------------------------
Traceback (most recent call last):
  File "/<<BUILDDIR>>/salt-2017.7.2+dfsg1/tests/unit/test_client.py", line 79, in test_pub
    with patch.dict(self.client.opts,
  File "/<<BUILDDIR>>/salt-2017.7.2+dfsg1/tests/support/mixins.py", line 236, in client
    RUNTIME_VARS.RUNTIME_CONFIGS['runtime_client'] = salt.client.get_local_client(mopts=mopts)
  File "/<<BUILDDIR>>/salt-2017.7.2+dfsg1/salt/client/__init__.py", line 104, in get_local_client
    auto_reconnect=auto_reconnect)
  File "/<<BUILDDIR>>/salt-2017.7.2+dfsg1/salt/client/__init__.py", line 160, in __init__
    self.key = self.__read_master_key()
  File "/<<BUILDDIR>>/salt-2017.7.2+dfsg1/salt/client/__init__.py", line 193, in __read_master_key
    self.skip_perm_errors)
  File "/<<BUILDDIR>>/salt-2017.7.2+dfsg1/salt/utils/verify.py", line 399, in check_path_traversal
    raise SaltClientError(msg)
salt.exceptions.SaltClientError: Could not access /tmp/salt-tests-tmpdir/rootdir/cache. Please give bdrung read permissions.

======================================================================
ERROR: test_conf_cloud_maps_d_files_are_commented (unit.test_conf.ConfTest)
[CPU:0.0%|MEM:90.0%] 
----------------------------------------------------------------------
Traceback (most recent call last):
  File "/<<BUILDDIR>>/salt-2017.7.2+dfsg1/tests/unit/test_conf.py", line 176, in test_conf_cloud_maps_d_files_are_commented
    cloud_sample_files = os.listdir(SAMPLE_CONF_DIR + 'cloud.maps.d/')
FileNotFoundError: [Errno 2] No such file or directory: '/<<BUILDDIR>>/salt-2017.7.2+dfsg1/conf/cloud.maps.d/'

======================================================================
ERROR: test_conf_cloud_profiles_d_files_are_commented (unit.test_conf.ConfTest)
[CPU:0.0%|MEM:90.0%] 
----------------------------------------------------------------------
Traceback (most recent call last):
  File "/<<BUILDDIR>>/salt-2017.7.2+dfsg1/tests/unit/test_conf.py", line 140, in test_conf_cloud_profiles_d_files_are_commented
    cloud_sample_files = os.listdir(SAMPLE_CONF_DIR + 'cloud.profiles.d/')
FileNotFoundError: [Errno 2] No such file or directory: '/<<BUILDDIR>>/salt-2017.7.2+dfsg1/conf/cloud.profiles.d/'

======================================================================
ERROR: test_conf_cloud_providers_d_files_are_commented (unit.test_conf.ConfTest)
[CPU:0.0%|MEM:90.0%] 
----------------------------------------------------------------------
Traceback (most recent call last):
  File "/<<BUILDDIR>>/salt-2017.7.2+dfsg1/tests/unit/test_conf.py", line 158, in test_conf_cloud_providers_d_files_are_commented
    cloud_sample_files = os.listdir(SAMPLE_CONF_DIR + 'cloud.providers.d/')
FileNotFoundError: [Errno 2] No such file or directory: '/<<BUILDDIR>>/salt-2017.7.2+dfsg1/conf/cloud.providers.d/'

======================================================================
ERROR: unit.test_zypp_plugins (unittest.loader._FailedTest)
----------------------------------------------------------------------
ImportError: Failed to import test module: unit.test_zypp_plugins
Traceback (most recent call last):
  File "/usr/lib/python3.6/unittest/loader.py", line 428, in _find_test_path
    module = self._get_module_from_name(name)
  File "/usr/lib/python3.6/unittest/loader.py", line 369, in _get_module_from_name
    __import__(name)
  File "/<<BUILDDIR>>/salt-2017.7.2+dfsg1/tests/unit/test_zypp_plugins.py", line 29, in <module>
    os.path.sep)[:-2] + ['scripts', 'suse', 'zypper', 'plugins', 'commit', 'zyppnotify']))
  File "/usr/lib/python3.6/imp.py", line 172, in load_source
    module = _load(spec)
  File "<frozen importlib._bootstrap>", line 684, in _load
  File "<frozen importlib._bootstrap>", line 665, in _load_unlocked
  File "<frozen importlib._bootstrap_external>", line 674, in exec_module
  File "<frozen importlib._bootstrap_external>", line 780, in get_code
  File "/usr/lib/python3.6/imp.py", line 158, in get_data
    return super().get_data(path)
  File "<frozen importlib._bootstrap_external>", line 832, in get_data
FileNotFoundError: [Errno 2] No such file or directory: '/<<BUILDDIR>>/salt-2017.7.2+dfsg1/scripts/suse/zypper/plugins/commit/zyppnotify'


======================================================================
ERROR: test_run (unit.utils.test_extend.ExtendTestCase)
[CPU:0.0%|MEM:90.0%] 
----------------------------------------------------------------------
Traceback (most recent call last):
  File "/<<BUILDDIR>>/salt-2017.7.2+dfsg1/tests/unit/utils/test_extend.py", line 40, in test_run
    out = salt.utils.extend.run('test', 'test', 'this description', integration.CODE_DIR, False)
  File "/<<BUILDDIR>>/salt-2017.7.2+dfsg1/salt/utils/extend.py", line 243, in run
    MODULE_OPTIONS = _fetch_templates(os.path.join(salt_dir, 'templates'))
  File "/<<BUILDDIR>>/salt-2017.7.2+dfsg1/salt/utils/extend.py", line 77, in _fetch_templates
    for item in os.listdir(src):
FileNotFoundError: [Errno 2] No such file or directory: '/<<BUILDDIR>>/salt-2017.7.2+dfsg1/templates'

======================================================================
FAIL: test_change_no_context_with_full_path_pass (unit.states.test_augeas.AugeasTestCase)
[CPU:0.0%|MEM:90.0%] 
----------------------------------------------------------------------
Traceback (most recent call last):
  File "/<<BUILDDIR>>/salt-2017.7.2+dfsg1/tests/unit/states/test_augeas.py", line 149, in test_change_no_context_with_full_path_pass
    self.ret)
AssertionError: {'nam[27 chars]e, 'comment': 'Changes have been saved', 'chan[143 chars]t']}} != {'nam[27 chars]e, 'changes': {'diff': '+ zabbix-agent'}, 'com[28 chars]ved'}
+ {'changes': {'diff': '+ zabbix-agent'},
- {'changes': {'updates': ['ins service-name after '
-                          '/files/etc/services/service-name[last()]',
-                          'set /files/etc/services/service-name[last()] '
-                          'zabbix-agent']},
   'comment': 'Changes have been saved',
   'name': 'zabbix',
   'result': True}

----------------------------------------------------------------------
Ran 5870 tests in 305.463s

FAILED (failures=1, errors=9, skipped=1508, expected failures=2)
```

`conf/cloud.maps.d/` is missing in the release tarball.