**Description**
Sodium RC1 generates a traceback while loading the grain `pending_reboot.pending_reboot`.
```
       [CRITICAL] Failed to load grains defined in grain file pending_reboot.pending_reboot in function <function pending_reboot at 0x00000200E6FAED38>, error:
       Traceback (most recent call last):
         File "C:\salt\bin\lib\site-packages\win32com\client\dynamic.py", line 89, in _GetGoodDispatch
           IDispatch = pythoncom.connect(IDispatch)
       pywintypes.com_error: (-2147221021, 'Operation unavailable', None, None)
       
       During handling of the above exception, another exception occurred:
       
       Traceback (most recent call last):
         File "C:\salt\bin\lib\site-packages\salt-3001rc1-py3.7.egg\salt\loader.py", line 859, in grains
           ret = funcs[key](**kwargs)
         File "C:\salt\bin\lib\site-packages\salt-3001rc1-py3.7.egg\salt\grains\pending_reboot.py", line 31, in pending_reboot
           return {"pending_reboot": salt.utils.win_system.get_pending_reboot()}
         File "C:\salt\bin\lib\site-packages\salt-3001rc1-py3.7.egg\salt\utils\win_system.py", line 522, in get_pending_reboot
           if check():
         File "C:\salt\bin\lib\site-packages\salt-3001rc1-py3.7.egg\salt\utils\win_system.py", line 488, in get_pending_windows_update
           return salt.utils.win_update.needs_reboot()
         File "C:\salt\bin\lib\site-packages\salt-3001rc1-py3.7.egg\salt\utils\win_update.py", line 1095, in needs_reboot
           obj_sys = win32com.client.Dispatch("Microsoft.Update.SystemInfo")
         File "C:\salt\bin\lib\site-packages\win32com\client\__init__.py", line 95, in Dispatch
           dispatch, userName = dynamic._GetGoodDispatchAndUserName(dispatch,userName,clsctx)
         File "C:\salt\bin\lib\site-packages\win32com\client\dynamic.py", line 114, in _GetGoodDispatchAndUserName
           return (_GetGoodDispatch(IDispatch, clsctx), userName)
         File "C:\salt\bin\lib\site-packages\win32com\client\dynamic.py", line 91, in _GetGoodDispatch
           IDispatch = pythoncom.CoCreateInstance(IDispatch, None, clsctx, pythoncom.IID_IDispatch)
       pywintypes.com_error: (-2147024891, 'Access is denied.', None, None)
```
**Setup**
(Please provide relevant configs and/or SLS files (be sure to remove sensitive info).
See [`dafyddj/openvpn-formula`](https://github.com/dafyddj/openvpn-formula/tree/test-rc) for test setup.

**Steps to Reproduce the behavior**
(Include debug logs if possible and relevant)
This happens during testing of `openvpn-formula` using either Vagrant locally or can be seen in GitHub Actions CI.
[See here](https://github.com/dafyddj/openvpn-formula/runs/759343776?check_suite_focus=true#step:8:122)

**Expected behavior**
No traceback.

**Screenshots**
If applicable, add screenshots to help explain your problem.

**Versions Report**
<details><summary>salt --versions-report</summary>
(Provided by running salt --versions-report. Please also mention any differences in master/minion versions.) 

```
       Salt Version:
           Salt: 3001rc1
        
       Dependency Versions:
           cffi: 1.12.2
       cherrypy: 17.4.1
       dateutil: 2.8.0
             docker-py: Not Installed
         gitdb: 2.0.5
             gitpython: 2.1.10
         Jinja2: 2.10.1
        libgit2: Not Installed
       M2Crypto: Not Installed
           Mako: 1.0.7
          msgpack-pure: Not Installed
        msgpack-python: 0.5.6
          mysql-python: Not Installed
             pycparser: 2.19
       pycrypto: Not Installed
          pycryptodome: 3.9.7
         pygit2: Not Installed
         Python: 3.7.4 (tags/v3.7.4:e09359112e, Jul  8 2019, 20:34:20) [MSC v.1916 64 bit (AMD64)]
          python-gnupg: 0.4.4
         PyYAML: 5.1.2
          PyZMQ: 18.0.1
          smmap: 2.0.5
        timelib: 0.2.4
        Tornado: 4.5.3
            ZMQ: 4.3.1
        
       System Versions:
           dist: msys_nt-10.0-17763 3.0.7 
         locale: cp1252
        machine: AMD64
        release: 2019Server
         system: Windows
        version: 2019Server 10.0.17763 SP0
```
</details>

**Additional context**
Add any other context about the problem here.
