**Description**
Slow test failure: 
integration.runners.test_fileserver.FileserverTest.test_symlink_list
```
Traceback (most recent call last):
  File "/tmp/kitchen/testing/tests/integration/runners/test_fileserver.py", line 185, in test_symlink_list
    self.assertTrue("dest_sym" in ret["return"])
AssertionError: False is not true
```