The changes made by PR #17725 are causing failures with the tests for `salt/runners/state.py` on develop. The test failures are:
- integration.runners.state.ManageTest.test_over_parse_req_fail

```
       Traceback (most recent call last):
         File "/root/SaltStack/salt/tests/integration/runners/state.py", line 43, in test_over_parse_req_fail
           self.assertTrue(any(item in ret for item in items))
       AssertionError: False is not true
```
- integration.runners.state.ManageTest.test_over_req_fail

```
       Traceback (most recent call last):
         File "/root/SaltStack/salt/tests/integration/runners/state.py", line 31, in test_over_req_fail
           self.assertTrue(any(item in ret for item in items))
       AssertionError: False is not true
```

ping @cachedout 
