**Description**
slow test failure integration.states.test_archive.ArchiveTest.test_local_archive_extracted_with_skip_files_list_verify
```
Traceback (most recent call last):
  File "/tmp/kitchen/testing/tests/integration/states/test_archive.py", line 337, in test_local_archive_extracted_with_skip_files_list_verify
    self._check_extracted(self.untar_file)
  File "/tmp/kitchen/testing/tests/integration/states/test_archive.py", line 73, in _check_extracted
    self.assertTrue(os.path.isfile(path))
AssertionError: False is not true
```