**Description**

Slow Test Failures
integration.runners.test_jobs.JobsTest.test_active
integration.runners.test_jobs.JobsTest.test_master
```
Traceback (most recent call last):
  File "/tmp/kitchen/testing/tests/integration/runners/test_jobs.py", line 40, in test_active
    self.assertTrue(res)
AssertionError: False is not true
```

```
Traceback (most recent call last):
  File "/tmp/kitchen/testing/tests/integration/runners/test_jobs.py", line 27, in test_master
    self.assertTrue(res)
AssertionError: False is not true
```