### Description of Issue/Question

Using cmd.run with "runas" fails on windows if using the python3 minion with the following error:

  File "c:\salt\bin\lib\site-packages\salt\utils\win_runas.py", line 313, in runas_system
    if exc[0] == winerror.ERROR_NO_SUCH_LOGON_SESSION \
TypeError: 'error' object does not support indexing

### Setup

you need a windows agent with the python 3 bundled

### Steps to Reproduce Issue

salt myminion cmd.run "dir" runas=myuser password=mypasswd

results in the commandline error:
myminion :
    Passed invalid arguments to cmd.run: 'error' object does not support indexing
[...]

if using a state the error is a bit different:

do_something:
  cmd.run:
    - name: 'dir'
    - shell: powershell
    - runas: myuser 
    - password: mypasswd

You will get this error:
     Comment: An exception occurred in this state: Traceback (most recent call last):
                File "c:\salt\bin\lib\site-packages\salt\utils\win_runas.py", line 297, in runas_system
                  token, win32security.TokenLinkedToken)
              pywintypes.error: (1312, 'GetTokenInformation', 'A specified logon session does not exist. It may already have been terminated.')
              
              During handling of the above exception, another exception occurred:
              
              Traceback (most recent call last):
                File "c:\salt\bin\lib\site-packages\salt\state.py", line 1913, in call
                  **cdata['kwargs'])
                File "c:\salt\bin\lib\site-packages\salt\loader.py", line 1898, in wrapper
                  return f(*args, **kwargs)
                File "c:\salt\bin\lib\site-packages\salt\states\cmd.py", line 892, in run
                  name, timeout=timeout, python_shell=True, **cmd_kwargs
                File "c:\salt\bin\lib\site-packages\salt\modules\cmdmod.py", line 1915, in run_all
                  **kwargs)
                File "c:\salt\bin\lib\site-packages\salt\modules\cmdmod.py", line 406, in _run
                  return win_runas(cmd, runas, password, cwd)
                File "c:\salt\bin\lib\site-packages\salt\utils\win_runas.py", line 402, in runas
                  return runas_system(cmd, username, password)
                File "c:\salt\bin\lib\site-packages\salt\utils\win_runas.py", line 315, in runas_system
                  if exc[0] == winerror.ERROR_NO_SUCH_LOGON_SESSION \
              TypeError: 'error' object does not support indexing

### Versions Report

noticed with 2018.3.2, still present with 2018.3.3 and also found in the code of 2017.7
fixed by refactoring in develop branch
