**Description**
Slow test failure integration.runners.test_state.StateRunnerTest.test_orchestrate_target_does_not_exist
```
Traceback (most recent call last):
  File "/tmp/kitchen/testing/tests/support/helpers.py", line 261, in wrap
    six.reraise(*exc_info)
  File "/tmp/kitchen/testing/salt/ext/six.py", line 693, in reraise
    raise value
  File "/tmp/kitchen/testing/tests/support/helpers.py", line 247, in wrap
    return caller(cls)
  File "/tmp/kitchen/testing/tests/integration/runners/test_state.py", line 255, in test_orchestrate_target_does_not_exist
    assert item in ret
AssertionError
```