Using test.not_loaded with a pull from both develop and 2015.2 this morning causes the following traceback:
## develop

```
    The minion function caused an exception: Traceback (most recent call last):
      File "/usr/lib/python2.7/site-packages/salt/minion.py", line 1143, in _thread_return
        return_data = func(*args, **kwargs)
      File "/usr/lib/python2.7/site-packages/salt/modules/test.py", line 377, in not_loaded
        loader = salt.loader._create_loader(__opts__, 'modules', 'module')
    AttributeError: 'module' object has no attribute '_create_loader'
```
## 2015.2

```
    The minion function caused an exception: Traceback (most recent call last):
      File "/usr/lib/python2.7/site-packages/salt/minion.py", line 1116, in _thread_return
        return_data = func(*args, **kwargs)
      File "/usr/lib/python2.7/site-packages/salt/modules/test.py", line 371, in not_loaded
        loader = salt.loader._create_loader(__opts__, 'modules', 'module')
    AttributeError: 'module' object has no attribute '_create_loader'
```
